Analysis & Synthesis report for seven_seg
Sun May 01 00:03:36 2005
Version 4.2 Build 157 12/07/2004 SJ Web Edition


---------------------
; Table of Contents ;
---------------------
  1. Legal Notice
  2. Analysis & Synthesis Summary
  3. Analysis & Synthesis Settings
  4. Hierarchy
  5. Analysis & Synthesis Resource Utilization by Entity
  6. Analysis & Synthesis Equations
  7. Analysis & Synthesis Source Files Read
  8. Analysis & Synthesis Resource Usage Summary
  9. WYSIWYG Cells
 10. General Register Statistics
 11. Analysis & Synthesis Messages



----------------
; Legal Notice ;
----------------
Copyright (C) 1991-2004 Altera Corporation
Any  megafunction  design,  and related netlist (encrypted  or  decrypted),
support information,  device programming or simulation file,  and any other
associated  documentation or information  provided by  Altera  or a partner
under  Altera's   Megafunction   Partnership   Program  may  be  used  only
to program  PLD  devices (but not masked  PLD  devices) from  Altera.   Any
other  use  of such  megafunction  design,  netlist,  support  information,
device programming or simulation file,  or any other  related documentation
or information  is prohibited  for  any  other purpose,  including, but not
limited to  modification,  reverse engineering,  de-compiling, or use  with
any other  silicon devices,  unless such use is  explicitly  licensed under
a separate agreement with  Altera  or a megafunction partner.  Title to the
intellectual property,  including patents,  copyrights,  trademarks,  trade
secrets,  or maskworks,  embodied in any such megafunction design, netlist,
support  information,  device programming or simulation file,  or any other
related documentation or information provided by  Altera  or a megafunction
partner, remains with Altera, the megafunction partner, or their respective
licensors. No other licenses, including any licenses needed under any third
party's intellectual property, are provided herein.



+-----------------------------------------------------------------------+
; Analysis & Synthesis Summary                                          ;
+-----------------------------+-----------------------------------------+
; Analysis & Synthesis Status ; Successful - Sun May 01 00:03:36 2005   ;
; Quartus II Version          ; 4.2 Build 157 12/07/2004 SJ Web Edition ;
; Revision Name               ; seven_seg                               ;
; Top-level Entity Name       ; seven_seg                               ;
; Family                      ; MAX II                                  ;
; Total logic elements        ; 7                                       ;
; Total pins                  ; 20                                      ;
; Total virtual pins          ; 0                                       ;
; UFM blocks                  ; 0                                       ;
+-----------------------------+-----------------------------------------+


+------------------------------------------------------------------------------------------------------+
; Analysis & Synthesis Settings                                                                        ;
+--------------------------------------------------------------------+-----------------+---------------+
; Option                                                             ; Setting         ; Default Value ;
+--------------------------------------------------------------------+-----------------+---------------+
; Device                                                             ; EPM1270T144C5ES ;               ;
; Family name                                                        ; MAX II          ; Stratix       ;
; Use smart compilation                                              ; Normal          ; Normal        ;
; Restructure Multiplexers                                           ; Auto            ; Auto          ;
; Create Debugging Nodes for IP Cores                                ; off             ; off           ;
; Preserve fewer node names                                          ; On              ; On            ;
; Disable OpenCore Plus hardware evaluation                          ; Off             ; Off           ;
; Verilog Version                                                    ; Verilog_2001    ; Verilog_2001  ;
; VHDL Version                                                       ; VHDL93          ; VHDL93        ;
; Top-level entity name                                              ; seven_seg       ; seven_seg     ;
; State Machine Processing                                           ; Auto            ; Auto          ;
; Extract Verilog State Machines                                     ; On              ; On            ;
; Extract VHDL State Machines                                        ; On              ; On            ;
; NOT Gate Push-Back                                                 ; On              ; On            ;
; Power-Up Don't Care                                                ; On              ; On            ;
; Remove Redundant Logic Cells                                       ; Off             ; Off           ;
; Remove Duplicate Registers                                         ; On              ; On            ;
; Ignore CARRY Buffers                                               ; Off             ; Off           ;
; Ignore CASCADE Buffers                                             ; Off             ; Off           ;
; Ignore GLOBAL Buffers                                              ; Off             ; Off           ;
; Ignore ROW GLOBAL Buffers                                          ; Off             ; Off           ;
; Ignore LCELL Buffers                                               ; Off             ; Off           ;
; Ignore SOFT Buffers                                                ; On              ; On            ;
; Limit AHDL Integers to 32 Bits                                     ; Off             ; Off           ;
; Optimization Technique -- MAX II                                   ; Balanced        ; Balanced      ;
; Carry Chain Length -- Stratix/Stratix GX/Cyclone/MAX II/Cyclone II ; 70              ; 70            ;
; Auto Carry Chains                                                  ; On              ; On            ;
; Auto Open-Drain Pins                                               ; On              ; On            ;
; Remove Duplicate Logic                                             ; On              ; On            ;
; Perform WYSIWYG Primitive Resynthesis                              ; Off             ; Off           ;
; Perform gate-level register retiming                               ; Off             ; Off           ;
; Allow register retiming to trade off Tsu/Tco with Fmax             ; On              ; On            ;
; Allows Synchronous Control Signal Usage in Normal Mode Logic Cells ; On              ; On            ;
; Auto RAM Block Balancing                                           ; On              ; On            ;
; Auto Resource Sharing                                              ; Off             ; Off           ;
; Enable M512 Memory Blocks                                          ; On              ; On            ;
+--------------------------------------------------------------------+-----------------+---------------+


+-----------+
; Hierarchy ;
+-----------+
seven_seg


+------------------------------------------------------------------------------------------------------------------------------------------------------------------------------------------+
; Analysis & Synthesis Resource Utilization by Entity                                                                                                                                      ;
+----------------------------+-------------+--------------+------------+------+--------------+--------------+-------------------+------------------+-----------------+---------------------+
; Compilation Hierarchy Node ; Logic Cells ; LC Registers ; UFM Blocks ; Pins ; Virtual Pins ; LUT-Only LCs ; Register-Only LCs ; LUT/Register LCs ; Carry Chain LCs ; Full Hierarchy Name ;
+----------------------------+-------------+--------------+------------+------+--------------+--------------+-------------------+------------------+-----------------+---------------------+
; |seven_seg                 ; 7 (7)       ; 0            ; 0          ; 20   ; 0            ; 7 (7)        ; 0 (0)             ; 0 (0)            ; 0 (0)           ; |seven_seg          ;
+----------------------------+-------------+--------------+------------+------+--------------+--------------+-------------------+------------------+-----------------+---------------------+


+--------------------------------+
; Analysis & Synthesis Equations ;
+--------------------------------+
The equations can be found in D:/Brent/Project/GFEC_MAXII_Kit/program/seven_seg/seven_seg.map.eqn.


+----------------------------------------------------------------------------------------------------------------------+
; Analysis & Synthesis Source Files Read                                                                               ;
+----------------------------------+-----------------+-----------------------------------------------------------------+
; File Name with User-Entered Path ; Used in Netlist ; File Name with Absolute Path                                    ;
+----------------------------------+-----------------+-----------------------------------------------------------------+
; seven_seg.vhd                    ; yes             ; D:/Brent/Project/GFEC_MAXII_Kit/program/seven_seg/seven_seg.vhd ;
+----------------------------------+-----------------+-----------------------------------------------------------------+


+---------------------------------------------+
; Analysis & Synthesis Resource Usage Summary ;
+---------------------------------+-----------+
; Resource                        ; Usage     ;
+---------------------------------+-----------+
; Logic cells                     ; 7         ;
; Total combinational functions   ; 7         ;
; Total 4-input functions         ; 7         ;
; Total 3-input functions         ; 0         ;
; Total 2-input functions         ; 0         ;
; Total 1-input functions         ; 0         ;
; Total 0-input functions         ; 0         ;
; Combinational cells for routing ; 0         ;
; Total registers                 ; 0         ;
; I/O pins                        ; 20        ;
; Maximum fan-out node            ; dip[8]    ;
; Maximum fan-out                 ; 7         ;
; Total fan-out                   ; 39        ;
; Average fan-out                 ; 1.44      ;
+---------------------------------+-----------+


+----------------------------------------------------------------+
; WYSIWYG Cells                                                  ;
+--------------------------------------------------------+-------+
; Statistic                                              ; Value ;
+--------------------------------------------------------+-------+
; Number of WYSIWYG cells                                ; 0     ;
; Number of synthesis-generated cells                    ; 7     ;
; Number of WYSIWYG LUTs                                 ; 0     ;
; Number of synthesis-generated LUTs                     ; 7     ;
; Number of WYSIWYG registers                            ; 0     ;
; Number of synthesis-generated registers                ; 0     ;
; Number of cells with combinational logic only          ; 7     ;
; Number of cells with registers only                    ; 0     ;
; Number of cells with combinational logic and registers ; 0     ;
+--------------------------------------------------------+-------+


+------------------------------------------------------+
; General Register Statistics                          ;
+----------------------------------------------+-------+
; Statistic                                    ; Value ;
+----------------------------------------------+-------+
; Total registers                              ; 0     ;
; Number of registers using Synchronous Clear  ; 0     ;
; Number of registers using Synchronous Load   ; 0     ;
; Number of registers using Asynchronous Clear ; 0     ;
; Number of registers using Asynchronous Load  ; 0     ;
; Number of registers using Clock Enable       ; 0     ;
; Number of registers using Output Enable      ; 0     ;
; Number of registers using Preset             ; 0     ;
+----------------------------------------------+-------+


+-------------------------------+
; Analysis & Synthesis Messages ;
+-------------------------------+
Info: *******************************************************************
Info: Running Quartus II Analysis & Synthesis
    Info: Version 4.2 Build 157 12/07/2004 SJ Web Edition
    Info: Processing started: Sun May 01 00:03:34 2005
Info: Command: quartus_map --import_settings_files=on --export_settings_files=off seven_seg -c seven_seg
Info: Found 2 design units, including 1 entities, in source file seven_seg.vhd
    Info: Found design unit 1: seven_seg-arch
    Info: Found entity 1: seven_seg
Info: VHDL Case Statement information at seven_seg.vhd(37): OTHERS choice is never selected
Warning: Output pins are stuck at VCC or GND
    Warning: Pin "seg_out[7]" stuck at GND
Info: Implemented 27 device resources after synthesis - the final resource count might be different
    Info: Implemented 8 input pins
    Info: Implemented 12 output pins
    Info: Implemented 7 logic cells
Info: Quartus II Analysis & Synthesis was successful. 0 errors, 2 warnings
    Info: Processing ended: Sun May 01 00:03:36 2005
    Info: Elapsed time: 00:00:02


